<?xml version="1.0" encoding="UTF-8"?>
<testsuite name="com.example.ApplicationTest" tests="2" skipped="0" failures="0" errors="0" timestamp="2021-12-09T23:18:14" hostname="magladroth" time="0.945">
  <properties/>
  <testcase name="return empty list of cart" classname="com.example.ApplicationTest" time="0.94"/>
  <testcase name="test welcome page" classname="com.example.ApplicationTest" time="0.005"/>
  <system-out><![CDATA[2021-12-09 17:18:15.299 [Test worker @coroutine#1] INFO  ktor.test - Autoreload is disabled because the development mode is off.
2021-12-09 17:18:15.304 [Test worker @coroutine#1] INFO  ktor.test - Application started in 0.025 seconds.
RepoResult(status=ERROR, data=null, message=No cart found.)
2021-12-09 17:18:15.401 [Test worker] INFO  ktor.test - Autoreload is disabled because the development mode is off.
2021-12-09 17:18:15.401 [Test worker] INFO  ktor.test - Application started in 0.001 seconds.
]]></system-out>
  <system-err><![CDATA[]]></system-err>
</testsuite>
