<?xml version="1.0" encoding="UTF-8"?>
<testsuite name="com.example.core.CoreTest" tests="2" skipped="0" failures="0" errors="0" timestamp="2022-01-07T03:51:20" hostname="Amirs-Mac-mini.local" time="0.041">
  <properties/>
  <testcase name="calculate cart total correctly" classname="com.example.core.CoreTest" time="0.04"/>
  <testcase name="calculate cart total correctly 2" classname="com.example.core.CoreTest" time="0.0"/>
  <system-out><![CDATA[]]></system-out>
  <system-err><![CDATA[]]></system-err>
</testsuite>
