<?xml version="1.0" encoding="UTF-8"?>
<testsuite name="com.example.ApplicationTest" tests="1" skipped="0" failures="0" errors="0" timestamp="2021-12-08T06:36:52" hostname="Amirs-Mac-mini.local" time="0.996">
  <properties/>
  <testcase name="test welcome page" classname="com.example.ApplicationTest" time="0.996"/>
  <system-out><![CDATA[2021-12-08 00:36:53.214 [Test worker] INFO  org.mongodb.driver.cluster - Cluster created with settings {hosts=[localhost:27020], mode=SINGLE, requiredClusterType=UNKNOWN, serverSelectionTimeout='30000 ms'}
2021-12-08 00:36:53.266 [Test worker] DEBUG org.mongodb.driver.cluster - Updating cluster description to  {type=UNKNOWN, servers=[{address=localhost:27020, type=UNKNOWN, state=CONNECTING}]
2021-12-08 00:36:53.332 [cluster-ClusterId{value='61b0528597b2320f92f584e9', description='null'}-localhost:27020] INFO  org.mongodb.driver.connection - Opened connection [connectionId{localValue:2, serverValue:175}] to localhost:27020
2021-12-08 00:36:53.331 [cluster-rtt-ClusterId{value='61b0528597b2320f92f584e9', description='null'}-localhost:27020] INFO  org.mongodb.driver.connection - Opened connection [connectionId{localValue:1, serverValue:174}] to localhost:27020
2021-12-08 00:36:53.332 [cluster-ClusterId{value='61b0528597b2320f92f584e9', description='null'}-localhost:27020] INFO  org.mongodb.driver.cluster - Monitor thread successfully connected to server with description ServerDescription{address=localhost:27020, type=STANDALONE, state=CONNECTED, ok=true, minWireVersion=0, maxWireVersion=5, maxDocumentSize=16777216, logicalSessionTimeoutMinutes=null, roundTripTimeNanos=32644652}
2021-12-08 00:36:53.336 [cluster-ClusterId{value='61b0528597b2320f92f584e9', description='null'}-localhost:27020] DEBUG org.mongodb.driver.connection - Marking the connection pool for ServerId{clusterId=ClusterId{value='61b0528597b2320f92f584e9', description='null'}, address=localhost:27020} as 'ready'
2021-12-08 00:36:53.337 [MaintenanceTimer-1-thread-1] DEBUG org.mongodb.driver.connection - Pruning pooled connections to localhost:27020
2021-12-08 00:36:53.338 [cluster-ClusterId{value='61b0528597b2320f92f584e9', description='null'}-localhost:27020] DEBUG org.mongodb.driver.cluster - Updating cluster description to  {type=STANDALONE, servers=[{address=localhost:27020, type=STANDALONE, roundTripTime=32.6 ms, state=CONNECTED}]
2021-12-08 00:36:53.499 [Test worker] INFO  ktor.test - Autoreload is disabled because the development mode is off.
2021-12-08 00:36:53.504 [Test worker] INFO  ktor.test - Application started in 0.063 seconds.
----------------------------------Connected to the database----------------------------------
]]></system-out>
  <system-err><![CDATA[]]></system-err>
</testsuite>
