<?xml version="1.0" encoding="UTF-8"?>
<testsuite name="com.example.ApplicationTest" tests="10" skipped="0" failures="0" errors="0" timestamp="2022-01-07T03:51:20" hostname="Amirs-Mac-mini.local" time="3.224">
  <properties/>
  <testcase name="delete an item from a cart" classname="com.example.ApplicationTest" time="3.092"/>
  <testcase name="get a list of carts" classname="com.example.ApplicationTest" time="0.051"/>
  <testcase name="delete an invalid item from a cart" classname="com.example.ApplicationTest" time="0.014"/>
  <testcase name="get an empty list of cart" classname="com.example.ApplicationTest" time="0.008"/>
  <testcase name="get a cart by id" classname="com.example.ApplicationTest" time="0.011"/>
  <testcase name="test welcome page" classname="com.example.ApplicationTest" time="0.008"/>
  <testcase name="remove all the carts" classname="com.example.ApplicationTest" time="0.009"/>
  <testcase name="delete a cart by id" classname="com.example.ApplicationTest" time="0.01"/>
  <testcase name="delete an item from an invalid cart" classname="com.example.ApplicationTest" time="0.009"/>
  <testcase name="get a cart with invalid id" classname="com.example.ApplicationTest" time="0.009"/>
  <system-out><![CDATA[2022-01-06 21:51:22.105 [Test worker @coroutine#1] INFO  ktor.test - Autoreload is disabled because the development mode is off.
2022-01-06 21:51:22.131 [Test worker @coroutine#1] INFO  ktor.test - Application started in 0.171 seconds.
2022-01-06 21:51:23.276 [Test worker @coroutine#6] INFO  ktor.test - Autoreload is disabled because the development mode is off.
2022-01-06 21:51:23.277 [Test worker @coroutine#6] INFO  ktor.test - Application started in 0.002 seconds.
2022-01-06 21:51:23.327 [Test worker @coroutine#11] INFO  ktor.test - Autoreload is disabled because the development mode is off.
2022-01-06 21:51:23.327 [Test worker @coroutine#11] INFO  ktor.test - Application started in 0.001 seconds.
2022-01-06 21:51:23.341 [Test worker @coroutine#16] INFO  ktor.test - Autoreload is disabled because the development mode is off.
2022-01-06 21:51:23.341 [Test worker @coroutine#16] INFO  ktor.test - Application started in 0.001 seconds.
2022-01-06 21:51:23.351 [Test worker @coroutine#21] INFO  ktor.test - Autoreload is disabled because the development mode is off.
2022-01-06 21:51:23.352 [Test worker @coroutine#21] INFO  ktor.test - Application started in 0.002 seconds.
2022-01-06 21:51:23.361 [Test worker] INFO  ktor.test - Autoreload is disabled because the development mode is off.
2022-01-06 21:51:23.362 [Test worker] INFO  ktor.test - Application started in 0.001 seconds.
2022-01-06 21:51:23.369 [Test worker @coroutine#30] INFO  ktor.test - Autoreload is disabled because the development mode is off.
2022-01-06 21:51:23.370 [Test worker @coroutine#30] INFO  ktor.test - Application started in 0.001 seconds.
2022-01-06 21:51:23.378 [Test worker @coroutine#35] INFO  ktor.test - Autoreload is disabled because the development mode is off.
2022-01-06 21:51:23.379 [Test worker @coroutine#35] INFO  ktor.test - Application started in 0.001 seconds.
2022-01-06 21:51:23.389 [Test worker @coroutine#40] INFO  ktor.test - Autoreload is disabled because the development mode is off.
2022-01-06 21:51:23.389 [Test worker @coroutine#40] INFO  ktor.test - Application started in 0.0 seconds.
2022-01-06 21:51:23.398 [Test worker @coroutine#45] INFO  ktor.test - Autoreload is disabled because the development mode is off.
2022-01-06 21:51:23.399 [Test worker @coroutine#45] INFO  ktor.test - Application started in 0.001 seconds.
]]></system-out>
  <system-err><![CDATA[]]></system-err>
</testsuite>
